Arguments: 
  /Users/mscandal/.nvm/versions/node/v8.10.0/bin/node /usr/local/Cellar/yarn/1.5.1_1/libexec/bin/yarn.js install chevrotain

PATH: 
  /Users/mscandal/.nvm/versions/node/v8.10.0/bin:/usr/local/bin:/usr/bin:/bin:/usr/sbin:/sbin:/opt/X11/bin

Yarn version: 
  1.5.1

Node version: 
  8.10.0

Platform: 
  darwin x64

npm manifest: 
  {
    "dependencies": {
      "chevrotain": "^3.1.0",
      "husky": "^0.14.3"
    },
    "name": "millan",
    "description": "The (Star)dog Whisperer (node.js-based parsers for Stardog)",
    "version": "1.0.0",
    "main": "index.js",
    "devDependencies": {},
    "scripts": {
      "test": "echo \"Error: no test specified\" && exit 1"
    },
    "repository": {
      "type": "git",
      "url": "git+https://github.com/stardog-union/millan.git"
    },
    "author": "",
    "license": "ISC",
    "bugs": {
      "url": "https://github.com/stardog-union/millan/issues"
    },
    "homepage": "https://github.com/stardog-union/millan#readme"
  }

yarn manifest: 
  No manifest

Lockfile: 
  # THIS IS AN AUTOGENERATED FILE. DO NOT EDIT THIS FILE DIRECTLY.
  # yarn lockfile v1
  
  
  chevrotain@^3.1.0:
    version "3.1.0"
    resolved "https://registry.yarnpkg.com/chevrotain/-/chevrotain-3.1.0.tgz#a2ebd21007c329ac3148108965a23fa60118003d"
    dependencies:
      regexp-to-ast "0.2.2"
  
  ci-info@^1.0.0:
    version "1.1.3"
    resolved "https://registry.yarnpkg.com/ci-info/-/ci-info-1.1.3.tgz#710193264bb05c77b8c90d02f5aaf22216a667b2"
  
  husky@^0.14.3:
    version "0.14.3"
    resolved "https://registry.yarnpkg.com/husky/-/husky-0.14.3.tgz#c69ed74e2d2779769a17ba8399b54ce0b63c12c3"
    dependencies:
      is-ci "^1.0.10"
      normalize-path "^1.0.0"
      strip-indent "^2.0.0"
  
  is-ci@^1.0.10:
    version "1.1.0"
    resolved "https://registry.yarnpkg.com/is-ci/-/is-ci-1.1.0.tgz#247e4162e7860cebbdaf30b774d6b0ac7dcfe7a5"
    dependencies:
      ci-info "^1.0.0"
  
  normalize-path@^1.0.0:
    version "1.0.0"
    resolved "https://registry.yarnpkg.com/normalize-path/-/normalize-path-1.0.0.tgz#32d0e472f91ff345701c15a8311018d3b0a90379"
  
  regexp-to-ast@0.2.2:
    version "0.2.2"
    resolved "https://registry.yarnpkg.com/regexp-to-ast/-/regexp-to-ast-0.2.2.tgz#58edee54a1157b9c20b205b9c05cc0d81be698d8"
  
  strip-indent@^2.0.0:
    version "2.0.0"
    resolved "https://registry.yarnpkg.com/strip-indent/-/strip-indent-2.0.0.tgz#5ef8db295d01e6ed6cbf7aab96998d7822527b68"

Trace: 
  Error: `install` has been replaced with `add` to add new dependencies. Run "yarn add chevrotain" instead.
      at new MessageError (/usr/local/Cellar/yarn/1.5.1_1/libexec/lib/cli.js:186:110)
      at Object.<anonymous> (/usr/local/Cellar/yarn/1.5.1_1/libexec/lib/cli.js:21987:13)
      at Generator.next (<anonymous>)
      at step (/usr/local/Cellar/yarn/1.5.1_1/libexec/lib/cli.js:98:30)
      at /usr/local/Cellar/yarn/1.5.1_1/libexec/lib/cli.js:109:13
      at <anonymous>
